<?xml version="1.0" encoding="UTF-8"?>
<!-- Generated by org.testng.reporters.JUnitReportReporter -->
<testsuite hostname="Rajeshkumar11" failures="0" tests="4" name="com.Sauce.Test.CheckoutProcess" time="33.249" errors="0" timestamp="2025-06-05T07:34:52 IST" skipped="0">
  <testcase classname="com.Sauce.Test.CheckoutProcess" name="Errormessagesformissinguserinfo" time="8.391"/>
  <testcase classname="com.Sauce.Test.CheckoutProcess" name="Completetheorderandvalidateconfirmation" time="8.391"/>
  <testcase classname="com.Sauce.Test.CheckoutProcess" name="Proceedtocheckoutfromcart" time="8.124"/>
  <testcase classname="com.Sauce.Test.CheckoutProcess" name="Filloutuserinformationandcontinue" time="8.343"/>
</testsuite> <!-- com.Sauce.Test.CheckoutProcess -->
