<?xml version="1.0" encoding="UTF-8"?>
<!-- Generated by org.testng.reporters.JUnitReportReporter -->
<testsuite hostname="Rajeshkumar11" failures="0" tests="3" name="com.Sauce.Test.CartFunctionality" time="21.918" errors="0" timestamp="2025-06-05T07:34:52 IST" skipped="0">
  <testcase classname="com.Sauce.Test.CartFunctionality" name="Addaproducttothecart" time="5.426"/>
  <testcase classname="com.Sauce.Test.CartFunctionality" name="Addmultipleproductsandverifycartitemcount" time="8.560"/>
  <testcase classname="com.Sauce.Test.CartFunctionality" name="Removeaproductfromthecart" time="7.932"/>
</testsuite> <!-- com.Sauce.Test.CartFunctionality -->
