<?xml version="1.0" encoding="UTF-8"?>
<!-- Generated by org.testng.reporters.JUnitReportReporter -->
<testsuite hostname="Rajeshkumar11" failures="0" tests="4" name="com.Sauce.Test.LoginsTest" time="18.977" errors="0" timestamp="2025-06-05T07:34:52 IST" skipped="0">
  <testcase classname="com.Sauce.Test.LoginsTest" name="Errormessageverificationwhenusernameorpasswordismissing" time="4.895"/>
  <testcase classname="com.Sauce.Test.LoginsTest" name="Lockedoutuserloginattempt" time="4.768"/>
  <testcase classname="com.Sauce.Test.LoginsTest" name="InvalidLoginwithwrongusernamepassword" time="4.620"/>
  <testcase classname="com.Sauce.Test.LoginsTest" name="ValidLoginwithstandarduser" time="4.694"/>
</testsuite> <!-- com.Sauce.Test.LoginsTest -->
