<?xml version="1.0" encoding="UTF-8"?>
<!-- Generated by org.testng.reporters.JUnitReportReporter -->
<testsuite hostname="Rajeshkumar11" failures="0" tests="4" name="com.Sauce.Test.ProductListingPageTest" time="19.001" errors="0" timestamp="2025-06-05T07:34:52 IST" skipped="0">
  <testcase classname="com.Sauce.Test.ProductListingPageTest" name="Verifyallproductaredisplayed" time="4.746"/>
  <testcase classname="com.Sauce.Test.ProductListingPageTest" name="Validateproductnamedescriptionandprice" time="4.684"/>
  <testcase classname="com.Sauce.Test.ProductListingPageTest" name="Sortproductsandvalidateorder" time="4.792"/>
  <testcase classname="com.Sauce.Test.ProductListingPageTest" name="Clickonproductandvalidateredirectiontoproductdetailpage" time="4.779"/>
</testsuite> <!-- com.Sauce.Test.ProductListingPageTest -->
